Using pre-set license
Built from '2021.3/evg/staging/82bb020e-b03b1330/draft-0' branch; Version is '2021.3.16f1 (4016570cf34f) revision 4200023'; Using compiler version '192829333'; Build Type 'Release'
OS: 'Windows 11  (10.0.26200) 64bit Core' Language: 'en' Physical Memory: 32654 MB
BatchMode: 1, IsHumanControllingUs: 0, StartBugReporterOnCrash: 0, Is64bit: 1, IsPro: 1

COMMAND LINE ARGUMENTS:
C:\Program Files\Unity\Hub\Editor\2021.3.16f1\Editor\Unity.exe
-adb2
-batchMode
-noUpm
-name
AssetImportWorker6
-projectPath
C:/U/Untitled-Baldi-Mod/Untitled Baldi Mod
-logFile
Logs/AssetImportWorker6.log
-srvPort
54595
Successfully changed project path to: C:/U/Untitled-Baldi-Mod/Untitled Baldi Mod
C:/U/Untitled-Baldi-Mod/Untitled Baldi Mod
[UnityMemory] Configuration Parameters - Can be set up in boot.config
    "memorysetup-bucket-allocator-granularity=16"
    "memorysetup-bucket-allocator-bucket-count=8"
    "memorysetup-bucket-allocator-block-size=33554432"
    "memorysetup-bucket-allocator-block-count=8"
    "memorysetup-main-allocator-block-size=16777216"
    "memorysetup-thread-allocator-block-size=16777216"
    "memorysetup-gfx-main-allocator-block-size=16777216"
    "memorysetup-gfx-thread-allocator-block-size=16777216"
    "memorysetup-cache-allocator-block-size=4194304"
    "memorysetup-typetree-allocator-block-size=2097152"
    "memorysetup-profiler-bucket-allocator-granularity=16"
    "memorysetup-profiler-bucket-allocator-bucket-count=8"
    "memorysetup-profiler-bucket-allocator-block-size=33554432"
    "memorysetup-profiler-bucket-allocator-block-count=8"
    "memorysetup-profiler-allocator-block-size=16777216"
    "memorysetup-profiler-editor-allocator-block-size=1048576"
    "memorysetup-temp-allocator-size-main=16777216"
    "memorysetup-job-temp-allocator-block-size=2097152"
    "memorysetup-job-temp-allocator-block-size-background=1048576"
    "memorysetup-job-temp-allocator-reduction-small-platforms=262144"
    "memorysetup-temp-allocator-size-background-worker=32768"
    "memorysetup-temp-allocator-size-job-worker=262144"
    "memorysetup-temp-allocator-size-preload-manager=33554432"
    "memorysetup-temp-allocator-size-nav-mesh-worker=65536"
    "memorysetup-temp-allocator-size-audio-worker=65536"
    "memorysetup-temp-allocator-size-cloud-worker=32768"
    "memorysetup-temp-allocator-size-gi-baking-worker=262144"
    "memorysetup-temp-allocator-size-gfx=262144"
Player connection [31600] Host "[IP] 25.53.98.42 [Port] 0 [Flags] 2 [Guid] 1798858651 [EditorId] 1798858651 [Version] 1048832 [Id] WindowsEditor(7,Desktop-KH2900) [Debug] 1 [PackageName] WindowsEditor [ProjectName] Editor" joined multi-casting on [225.0.0.222:54997]...

Player connection [31600] Host "[IP] 25.53.98.42 [Port] 0 [Flags] 2 [Guid] 1798858651 [EditorId] 1798858651 [Version] 1048832 [Id] WindowsEditor(7,Desktop-KH2900) [Debug] 1 [PackageName] WindowsEditor [ProjectName] Editor" joined alternative multi-casting on [225.0.0.222:34997]...

Refreshing native plugins compatible for Editor in 52.54 ms, found 4 plugins.
Preloading 1 native plugins for Editor in 1.76 ms.
Initialize engine version: 2021.3.16f1 (4016570cf34f)
[Subsystems] Discovering subsystems at path C:/Program Files/Unity/Hub/Editor/2021.3.16f1/Editor/Data/Resources/UnitySubsystems
[Subsystems] Discovering subsystems at path C:/U/Untitled-Baldi-Mod/Untitled Baldi Mod/Assets
GfxDevice: creating device client; threaded=0; jobified=0
Direct3D:
    Version:  Direct3D 11.0 [level 11.1]
    Renderer: AMD Radeon RX 6600 (ID=0x73ff)
    Vendor:   ATI
    VRAM:     8146 MB
    Driver:   32.0.21043.5001
Initialize mono
Mono path[0] = 'C:/Program Files/Unity/Hub/Editor/2021.3.16f1/Editor/Data/Managed'
Mono path[1] = 'C:/Program Files/Unity/Hub/Editor/2021.3.16f1/Editor/Data/MonoBleedingEdge/lib/mono/unityjit-win32'
Mono config path = 'C:/Program Files/Unity/Hub/Editor/2021.3.16f1/Editor/Data/MonoBleedingEdge/etc'
Using monoOptions --debugger-agent=transport=dt_socket,embedding=1,server=y,suspend=n,address=127.0.0.1:56704
Begin MonoManager ReloadAssembly
Registering precompiled unity dll's ...
Register platform support module: C:/Program Files/Unity/Hub/Editor/2021.3.16f1/Editor/Data/PlaybackEngines/WindowsStandaloneSupport/UnityEditor.WindowsStandalone.Extensions.dll
Registered in 0.006260 seconds.
Native extension for WindowsStandalone target not found
Refreshing native plugins compatible for Editor in 48.06 ms, found 4 plugins.
Preloading 1 native plugins for Editor in 0.10 ms.
Mono: successfully reloaded assembly
- Completed reload, in  0.543 seconds
Domain Reload Profiling:
	ReloadAssembly (544ms)
		BeginReloadAssembly (66ms)
			ExecutionOrderSort (0ms)
			DisableScriptedObjects (0ms)
			BackupInstance (0ms)
			ReleaseScriptingObjects (0ms)
			CreateAndSetChildDomain (1ms)
		EndReloadAssembly (381ms)
			LoadAssemblies (62ms)
			RebuildTransferFunctionScriptingTraits (0ms)
			SetupTypeCache (92ms)
			ReleaseScriptCaches (0ms)
			RebuildScriptCaches (21ms)
			SetupLoadedEditorAssemblies (223ms)
				LogAssemblyErrors (0ms)
				InitializePlatformSupportModulesInManaged (7ms)
				SetLoadedEditorAssemblies (0ms)
				RefreshPlugins (48ms)
				BeforeProcessingInitializeOnLoad (1ms)
				ProcessInitializeOnLoadAttributes (123ms)
				ProcessInitializeOnLoadMethodAttributes (44ms)
				AfterProcessingInitializeOnLoad (0ms)
				EditorAssembliesLoaded (0ms)
			ExecutionOrderSort2 (0ms)
			AwakeInstancesAfterBackupRestoration (0ms)
Platform modules already initialized, skipping
Registering precompiled user dll's ...
Registered in 0.004991 seconds.
Begin MonoManager ReloadAssembly
Native extension for WindowsStandalone target not found
Refreshing native plugins compatible for Editor in 54.03 ms, found 4 plugins.
Preloading 1 native plugins for Editor in 0.13 ms.
Mono: successfully reloaded assembly
- Completed reload, in  0.941 seconds
Domain Reload Profiling:
	ReloadAssembly (941ms)
		BeginReloadAssembly (117ms)
			ExecutionOrderSort (0ms)
			DisableScriptedObjects (5ms)
			BackupInstance (0ms)
			ReleaseScriptingObjects (0ms)
			CreateAndSetChildDomain (23ms)
		EndReloadAssembly (729ms)
			LoadAssemblies (80ms)
			RebuildTransferFunctionScriptingTraits (0ms)
			SetupTypeCache (172ms)
			ReleaseScriptCaches (1ms)
			RebuildScriptCaches (53ms)
			SetupLoadedEditorAssemblies (392ms)
				LogAssemblyErrors (0ms)
				InitializePlatformSupportModulesInManaged (11ms)
				SetLoadedEditorAssemblies (0ms)
				RefreshPlugins (54ms)
				BeforeProcessingInitializeOnLoad (76ms)
				ProcessInitializeOnLoadAttributes (155ms)
				ProcessInitializeOnLoadMethodAttributes (85ms)
				AfterProcessingInitializeOnLoad (10ms)
				EditorAssembliesLoaded (0ms)
			ExecutionOrderSort2 (0ms)
			AwakeInstancesAfterBackupRestoration (6ms)
Platform modules already initialized, skipping
========================================================================
Worker process is ready to serve import requests
Launched and connected shader compiler UnityShaderCompiler.exe after 0.06 seconds
Refreshing native plugins compatible for Editor in 1.94 ms, found 4 plugins.
Preloading 1 native plugins for Editor in 0.14 ms.
Unloading 3134 Unused Serialized files (Serialized files now loaded: 0)
Unloading 34 unused Assets / (0.7 MB). Loaded Objects now: 3600.
Memory consumption went from 153.1 MB to 152.4 MB.
Total: 5.331400 ms (FindLiveObjects: 0.477100 ms CreateObjectMapping: 0.260500 ms MarkObjects: 4.151400 ms  DeleteObjects: 0.441300 ms)

AssetImportParameters requested are different than current active one (requested -> active):
  custom:video-decoder-ogg-theora: a1e56fd34408186e4bbccfd4996cb3dc -> 
  custom:container-muxer-webm: aa71ff27fc2769a1b78a27578f13a17b -> 
  custom:container-demuxer-webm: 4f35f7cbe854078d1ac9338744f61a02 -> 
  custom:video-encoder-webm-vp8: eb34c28f22e8b96e1ab97ce403110664 -> 
  custom:video-codec-MediaFoundation-h265: 746d11721c4dcdbdad8f713fa42b33f4 -> 
  custom:audio-encoder-webm-vorbis: bf7c407c2cedff20999df2af8eb42d56 -> 
  custom:framework-win-MediaFoundation: 216162199b28c13a410421893ffa2e32 -> 
  custom:SearchIndexIgnoredProperties: e643bd26f0fe6173181afceb89e7c659 -> 
  custom:container-demuxer-ogg: 62fdf1f143b41e24485cea50d1cbac27 -> 
  custom:video-decoder-webm-vp8: 9c59270c3fd7afecdb556c50c9e8de78 -> 
  custom:audio-decoder-ogg-vorbis: bf7c407c2cedff20999df2af8eb42d56 -> 
========================================================================
Received Import Request.
  Time since last request: 8746.487173 seconds.
  path: Assets/TextMesh Pro/Examples & Extras/Textures/Floor Tiles 1 - normal.jpg
  artifactKey: Guid(c45cd05946364f32aba704f0853a975b) Importer(815301076,1909f56bfc062723c751e8b465ee728b)
Start importing Assets/TextMesh Pro/Examples & Extras/Textures/Floor Tiles 1 - normal.jpg using Guid(c45cd05946364f32aba704f0853a975b) Importer(815301076,1909f56bfc062723c751e8b465ee728b)  -> (artifact id: '903aa9ff12feca7cdbfcedf181d53020') in 0.108525 seconds 
========================================================================
Received Import Request.
  Time since last request: 190.737969 seconds.
  path: Assets/Material/New Material.mat
  artifactKey: Guid(cb01bc17759e09247a46bd73071d13ef) Importer(815301076,1909f56bfc062723c751e8b465ee728b)
Start importing Assets/Material/New Material.mat using Guid(cb01bc17759e09247a46bd73071d13ef) Importer(815301076,1909f56bfc062723c751e8b465ee728b)  -> (artifact id: 'ed80c1021c6ab327c7b6ce38400906d0') in 0.166684 seconds 
========================================================================
Received Import Request.
  Time since last request: 219.218492 seconds.
  path: Assets/Material/SchoolhouseMaterials/CeilingMaterials/Ceiling.mat
  artifactKey: Guid(c816aa729b2626c4db77487f9ef82aa5) Importer(815301076,1909f56bfc062723c751e8b465ee728b)
Start importing Assets/Material/SchoolhouseMaterials/CeilingMaterials/Ceiling.mat using Guid(c816aa729b2626c4db77487f9ef82aa5) Importer(815301076,1909f56bfc062723c751e8b465ee728b)  -> (artifact id: '02bbf3eee3ba9d953e8de31382692cd7') in 0.013865 seconds 
========================================================================
Received Import Request.
  Time since last request: 173.820363 seconds.
  path: Assets/Material/SchoolhouseMaterials/WallMaterials/Chalkboard/BaldisBlackboard.mat
  artifactKey: Guid(4f8e43701aa199540a1ad4167582f3d3) Importer(815301076,1909f56bfc062723c751e8b465ee728b)
Start importing Assets/Material/SchoolhouseMaterials/WallMaterials/Chalkboard/BaldisBlackboard.mat using Guid(4f8e43701aa199540a1ad4167582f3d3) Importer(815301076,1909f56bfc062723c751e8b465ee728b)  -> (artifact id: '8db166ce581f5b26204af4677281a50d') in 0.018035 seconds 
========================================================================
Received Import Request.
  Time since last request: 0.004835 seconds.
  path: Assets/Material/SchoolhouseMaterials/WallMaterials/Chalkboard/dab.mat
  artifactKey: Guid(6f6a0ce6605764b47a669e00d4a2c827) Importer(815301076,1909f56bfc062723c751e8b465ee728b)
Start importing Assets/Material/SchoolhouseMaterials/WallMaterials/Chalkboard/dab.mat using Guid(6f6a0ce6605764b47a669e00d4a2c827) Importer(815301076,1909f56bfc062723c751e8b465ee728b)  -> (artifact id: 'b098070a8438afc4d8e656a700122752') in 0.016509 seconds 
========================================================================
Received Import Request.
  Time since last request: 0.000032 seconds.
  path: Assets/Material/SchoolhouseMaterials/WallMaterials/Chalkboard/wow.mat
  artifactKey: Guid(c4a462c99db8e0d4495b04f935d7e5cf) Importer(815301076,1909f56bfc062723c751e8b465ee728b)
Start importing Assets/Material/SchoolhouseMaterials/WallMaterials/Chalkboard/wow.mat using Guid(c4a462c99db8e0d4495b04f935d7e5cf) Importer(815301076,1909f56bfc062723c751e8b465ee728b)  -> (artifact id: 'cde45ba2feb7d871c939ab7181ce9b47') in 0.018483 seconds 
========================================================================
Received Import Request.
  Time since last request: 0.000030 seconds.
  path: Assets/Material/SchoolhouseMaterials/WallMaterials/Chalkboard/world.mat
  artifactKey: Guid(8bd404bdd70ac8f43ae57626efc8f920) Importer(815301076,1909f56bfc062723c751e8b465ee728b)
Start importing Assets/Material/SchoolhouseMaterials/WallMaterials/Chalkboard/world.mat using Guid(8bd404bdd70ac8f43ae57626efc8f920) Importer(815301076,1909f56bfc062723c751e8b465ee728b)  -> (artifact id: 'a41a451f202396ee8bedaa0cdba0bcae') in 0.017996 seconds 
========================================================================
Received Import Request.
  Time since last request: 0.000027 seconds.
  path: Assets/Material/SchoolhouseMaterials/WallMaterials/Chalkboard/sorry2.mat
  artifactKey: Guid(ea23f1a887174914481af9a288f34a6d) Importer(815301076,1909f56bfc062723c751e8b465ee728b)
Start importing Assets/Material/SchoolhouseMaterials/WallMaterials/Chalkboard/sorry2.mat using Guid(ea23f1a887174914481af9a288f34a6d) Importer(815301076,1909f56bfc062723c751e8b465ee728b)  -> (artifact id: '13346245841863658fc6b251f4ea6fb6') in 0.015975 seconds 
========================================================================
Received Import Request.
  Time since last request: 5.614505 seconds.
  path: Assets/Material/SchoolhouseMaterials/Elevator/EleMatBlue.mat
  artifactKey: Guid(a15723c8a8b92f842ac5ae1e77e86b94) Importer(2089858483,0ecaa5967403d082aa24f35e1b516d23)
Start importing Assets/Material/SchoolhouseMaterials/Elevator/EleMatBlue.mat using Guid(a15723c8a8b92f842ac5ae1e77e86b94) Importer(2089858483,0ecaa5967403d082aa24f35e1b516d23) Generated GUIDs only implemented for interfaces!
 -> (artifact id: '35a3d99960a7e8562b0226815c125242') in 0.144183 seconds 
========================================================================
Received Import Request.
  Time since last request: 4.602864 seconds.
  path: Assets/Texture2D/SchoolHouse/WallTextures/Chalkboards/Cheese.png
  artifactKey: Guid(7b62843b988ab7e47beb2f6ba448c12f) Importer(815301076,1909f56bfc062723c751e8b465ee728b)
Start importing Assets/Texture2D/SchoolHouse/WallTextures/Chalkboards/Cheese.png using Guid(7b62843b988ab7e47beb2f6ba448c12f) Importer(815301076,1909f56bfc062723c751e8b465ee728b)  -> (artifact id: '8da1a02bdcad9d9ec9a718699e7e8ed8') in 0.015293 seconds 
========================================================================
Received Import Request.
  Time since last request: 0.000031 seconds.
  path: Assets/Texture2D/SchoolHouse/WallTextures/Chalkboards/Math.png
  artifactKey: Guid(c348e828a7b04e440a90a138783d0fde) Importer(815301076,1909f56bfc062723c751e8b465ee728b)
Start importing Assets/Texture2D/SchoolHouse/WallTextures/Chalkboards/Math.png using Guid(c348e828a7b04e440a90a138783d0fde) Importer(815301076,1909f56bfc062723c751e8b465ee728b)  -> (artifact id: '83cb1ada3e38c815c95f730442ea51a2') in 0.014566 seconds 
========================================================================
Received Import Request.
  Time since last request: 0.000023 seconds.
  path: Assets/Texture2D/SchoolHouse/WallTextures/Chalkboards/sorry.png
  artifactKey: Guid(1019bfabbb8b1ac42875e35d0cfac00a) Importer(815301076,1909f56bfc062723c751e8b465ee728b)
Start importing Assets/Texture2D/SchoolHouse/WallTextures/Chalkboards/sorry.png using Guid(1019bfabbb8b1ac42875e35d0cfac00a) Importer(815301076,1909f56bfc062723c751e8b465ee728b)  -> (artifact id: '30a0b3a5c67bad26ecbb8ba0fc3e8cc0') in 0.014221 seconds 
========================================================================
Received Import Request.
  Time since last request: 0.000031 seconds.
  path: Assets/Texture2D/SchoolHouse/WallTextures/Chalkboards/world.png
  artifactKey: Guid(34e1466c9e516f642968b75212fa7388) Importer(815301076,1909f56bfc062723c751e8b465ee728b)
Start importing Assets/Texture2D/SchoolHouse/WallTextures/Chalkboards/world.png using Guid(34e1466c9e516f642968b75212fa7388) Importer(815301076,1909f56bfc062723c751e8b465ee728b)  -> (artifact id: 'a54ac76200aab021bc1841c95449d3f2') in 0.013929 seconds 
========================================================================
Received Import Request.
  Time since last request: 0.000032 seconds.
  path: Assets/Texture2D/SchoolHouse/WallTextures/Chalkboards/wow.png
  artifactKey: Guid(634a72e4c413bbb4dbb63b527a689042) Importer(815301076,1909f56bfc062723c751e8b465ee728b)
Start importing Assets/Texture2D/SchoolHouse/WallTextures/Chalkboards/wow.png using Guid(634a72e4c413bbb4dbb63b527a689042) Importer(815301076,1909f56bfc062723c751e8b465ee728b)  -> (artifact id: 'b9635393e73fe49be4ab50d0503f0cba') in 0.014009 seconds 
========================================================================
Received Import Request.
  Time since last request: 684.144511 seconds.
  path: Assets/Texture2D/SchoolHouse/WallTextures/WallFade.png
  artifactKey: Guid(b8b1d8800c86da544bcda30a0b1cb68a) Importer(815301076,1909f56bfc062723c751e8b465ee728b)
Start importing Assets/Texture2D/SchoolHouse/WallTextures/WallFade.png using Guid(b8b1d8800c86da544bcda30a0b1cb68a) Importer(815301076,1909f56bfc062723c751e8b465ee728b)  -> (artifact id: '04f17d8e95578c585d134a6d4a324853') in 0.015895 seconds 
========================================================================
Received Import Request.
  Time since last request: 0.000025 seconds.
  path: Assets/Texture2D/SchoolHouse/WallTextures/WhiteBrickWall.png
  artifactKey: Guid(7bdbd3459685c3040866b62695072db2) Importer(815301076,1909f56bfc062723c751e8b465ee728b)
Start importing Assets/Texture2D/SchoolHouse/WallTextures/WhiteBrickWall.png using Guid(7bdbd3459685c3040866b62695072db2) Importer(815301076,1909f56bfc062723c751e8b465ee728b)  -> (artifact id: 'caeeb6934691c8e1171a81b975513df9') in 0.012421 seconds 
========================================================================
Received Import Request.
  Time since last request: 334.888564 seconds.
  path: Assets/Scene/School.unity
  artifactKey: Guid(02778db063e5ee846980944a550e48a8) Importer(2089858483,0ecaa5967403d082aa24f35e1b516d23)
Start importing Assets/Scene/School.unity using Guid(02778db063e5ee846980944a550e48a8) Importer(2089858483,0ecaa5967403d082aa24f35e1b516d23) Generated GUIDs only implemented for interfaces!
 -> (artifact id: '311ca4aa7316f33ff3002daba0363427') in 0.012302 seconds 
========================================================================
Received Import Request.
  Time since last request: 640.433737 seconds.
  path: Assets/AudioClip/Elv_Close_Real.wav
  artifactKey: Guid(7bda4661ca9bf924f8466feff0237894) Importer(815301076,1909f56bfc062723c751e8b465ee728b)
Start importing Assets/AudioClip/Elv_Close_Real.wav using Guid(7bda4661ca9bf924f8466feff0237894) Importer(815301076,1909f56bfc062723c751e8b465ee728b)  -> (artifact id: '89b8c24e044b8dd12df13856267b7d1f') in 0.049281 seconds 
========================================================================
Received Import Request.
  Time since last request: 0.000040 seconds.
  path: Assets/AudioClip/Test.wav
  artifactKey: Guid(8906db7d05297324fb0bc9dc83f26b06) Importer(815301076,1909f56bfc062723c751e8b465ee728b)
Start importing Assets/AudioClip/Test.wav using Guid(8906db7d05297324fb0bc9dc83f26b06) Importer(815301076,1909f56bfc062723c751e8b465ee728b)  -> (artifact id: '395722f56dbf117b23284a445f3980ed') in 0.018214 seconds 
========================================================================
Received Import Request.
  Time since last request: 0.000040 seconds.
  path: Assets/AudioClip/Elv_Open_Real.wav
  artifactKey: Guid(d8c72370ef4849542afc0c2e79f91be5) Importer(815301076,1909f56bfc062723c751e8b465ee728b)
Start importing Assets/AudioClip/Elv_Open_Real.wav using Guid(d8c72370ef4849542afc0c2e79f91be5) Importer(815301076,1909f56bfc062723c751e8b465ee728b)  -> (artifact id: '368b348db1d22b344cda7df1766b8a68') in 0.014815 seconds 
========================================================================
Received Import Request.
  Time since last request: 0.000035 seconds.
  path: Assets/AudioClip/scream3.wav
  artifactKey: Guid(87dc0db42444e2c45bc449b581c891d8) Importer(815301076,1909f56bfc062723c751e8b465ee728b)
Start importing Assets/AudioClip/scream3.wav using Guid(87dc0db42444e2c45bc449b581c891d8) Importer(815301076,1909f56bfc062723c751e8b465ee728b)  -> (artifact id: '3f6f4321c9bed382d0f42a7834598ddd') in 0.015921 seconds 
========================================================================
Received Import Request.
  Time since last request: 6.458706 seconds.
  path: Assets/Charlie/charlie big.png
  artifactKey: Guid(3c353bd9dc8bd7d498372f5d01dd7394) Importer(815301076,1909f56bfc062723c751e8b465ee728b)
Start importing Assets/Charlie/charlie big.png using Guid(3c353bd9dc8bd7d498372f5d01dd7394) Importer(815301076,1909f56bfc062723c751e8b465ee728b)  -> (artifact id: '0c6c0c7e11fb2f958e0ae11cc36500fe') in 0.029313 seconds 
========================================================================
Received Import Request.
  Time since last request: 0.000022 seconds.
  path: Assets/Charlie/sand.wav
  artifactKey: Guid(e3695f811b644944e9d5ed1bbc8b7695) Importer(815301076,1909f56bfc062723c751e8b465ee728b)
Start importing Assets/Charlie/sand.wav using Guid(e3695f811b644944e9d5ed1bbc8b7695) Importer(815301076,1909f56bfc062723c751e8b465ee728b)  -> (artifact id: 'c7a484c3a0388a2ee3c31b8572caf5a9') in 0.014926 seconds 
Editor requested this worker to shutdown with reason: Scaling down because of idle timeout
AssetImportWorker is now disconnected from the server
Process exiting
Exiting without the bug reporter. Application will terminate with return code 0